<?xml version="1.0" encoding="UTF-8"?>
<!-- Generated by org.testng.reporters.JUnitXMLReporter -->
<testsuite ignored="0" hostname="LAPTOP-FG2Q0DK7" failures="0" tests="3" name="ChromeTest" time="12.296" errors="0" timestamp="2023-04-02T06:32:41 IST">
  <testcase classname="TestNGClasses.VerifyTheLogInPage" name="verifyFirstLogInWithFacebookButton" time="1.522"/>
  <testcase classname="TestNGClasses.VerifyTheLogInPage" name="verifyForgottenYourPasswordButton" time="0.528"/>
  <testcase classname="TestNGClasses.VerifyTheLogInPage" name="verifyTheLogInButton" time="4.513"/>
</testsuite> <!-- ChromeTest -->
