<?xml version="1.0" encoding="UTF-8"?>
<!-- Generated by org.testng.reporters.JUnitXMLReporter -->
<testsuite ignored="0" hostname="LAPTOP-FG2Q0DK7" failures="0" tests="5" name="Test" time="18.239" errors="0" timestamp="2023-03-27T05:00:37 IST">
  <testcase classname="TestNGClasses.VerifyTheLogInPage" name="verifyFirstLogInWithFacebookButton" time="1.623"/>
  <testcase classname="TestNGClasses.VerifyTheLogInPage" name="verifyForgottenYourPasswordButton" time="0.37"/>
  <testcase classname="TestNGClasses.VerifyTheLogInPage" name="verifyTheLogInButton" time="0.997"/>
  <testcase classname="TestNGClasses.VerifyTheSignUpPage" name="verifyLogInWithFacebbok" time="0.195"/>
  <testcase classname="TestNGClasses.VerifyTheSignUpPage" name="verifySignUpPageFields" time="1.608"/>
</testsuite> <!-- Test -->
