<?xml version="1.0" encoding="UTF-8"?>
<!-- Generated by org.testng.reporters.JUnitXMLReporter -->
<testsuite ignored="2" hostname="LAPTOP-FG2Q0DK7" failures="0" tests="1" name="ChromeTest(failed)(failed)(failed)(failed)(failed)(failed)(failed)" time="8.124" errors="0" timestamp="2023-04-02T06:29:24 IST">
  <testcase classname="TestNGClasses.VerifyTheLogInPage" name="verifyTheLogInButton" time="3.509"/>
  <testcase classname="TestNGClasses.VerifyTheLogInPage" name="verifyForgottenYourPasswordButton" time="0.0">
    <ignored/>
  </testcase> <!-- verifyForgottenYourPasswordButton -->
  <testcase classname="TestNGClasses.VerifyTheLogInPage" name="verifyFirstLogInWithFacebookButton" time="0.0">
    <ignored/>
  </testcase> <!-- verifyFirstLogInWithFacebookButton -->
</testsuite> <!-- ChromeTest(failed)(failed)(failed)(failed)(failed)(failed)(failed) -->
