<?xml version="1.0" encoding="UTF-8"?>
<!-- Generated by org.testng.reporters.JUnitXMLReporter -->
<testsuite ignored="2" hostname="LAPTOP-FG2Q0DK7" failures="1" tests="1" name="EdgeTest(failed)(failed)(failed)(failed)(failed)" time="5.461" errors="0" timestamp="2023-04-02T06:17:20 IST">
  <testcase classname="TestNGClasses.VerifyTheLogInPage" name="verifyTheLogInButton" time="0.003">
    <failure type="java.lang.NoClassDefFoundError" message="org/apache/commons/io/output/UnsynchronizedByteArrayOutputStream">
      <![CDATA[java.lang.NoClassDefFoundError: org/apache/commons/io/output/UnsynchronizedByteArrayOutputStream
at org.apache.poi.poifs.filesystem.FileMagic.valueOf(FileMagic.java:209)
at org.apache.poi.ss.usermodel.WorkbookFactory.create(WorkbookFactory.java:222)
at org.apache.poi.ss.usermodel.WorkbookFactory.create(WorkbookFactory.java:185)
at Utils.Utility.getData(Utility.java:80)
at TestNGClasses.VerifyTheLogInPage.verifyTheLogInButton(VerifyTheLogInPage.java:68)
at java.base/java.util.concurrent.ThreadPoolExecutor.runWorker(ThreadPoolExecutor.java:1136)
at java.base/java.util.concurrent.ThreadPoolExecutor$Worker.run(ThreadPoolExecutor.java:635)
at java.base/java.lang.Thread.run(Thread.java:833)
Caused by: java.lang.ClassNotFoundException: org.apache.commons.io.output.UnsynchronizedByteArrayOutputStream
at java.base/jdk.internal.loader.BuiltinClassLoader.loadClass(BuiltinClassLoader.java:641)
at java.base/jdk.internal.loader.ClassLoaders$AppClassLoader.loadClass(ClassLoaders.java:188)
at java.base/java.lang.ClassLoader.loadClass(ClassLoader.java:520)
... 20 more
... Removed 12 stack frames]]>
    </failure>
  </testcase> <!-- verifyTheLogInButton -->
  <testcase classname="TestNGClasses.VerifyTheLogInPage" name="verifyForgottenYourPasswordButton" time="0.0">
    <ignored/>
  </testcase> <!-- verifyForgottenYourPasswordButton -->
  <testcase classname="TestNGClasses.VerifyTheLogInPage" name="verifyFirstLogInWithFacebookButton" time="0.0">
    <ignored/>
  </testcase> <!-- verifyFirstLogInWithFacebookButton -->
</testsuite> <!-- EdgeTest(failed)(failed)(failed)(failed)(failed) -->
